INFO 2025-10-05 10:01:00 - Server started
WARN 2025-10-05 10:05:32 - High memory usage detected
ERROR 2025-10-05 10:10:47 - Database connection failed
INFO 2025-10-05 10:12:11 - Retrying connection
INFO 2025-10-05 10:15:22 - Request handled successfully
DEBUG 2025-10-05 10:18:56 - Cache refreshed
WARN 2025-10-05 10:22:19 - Disk space low
ERROR 2025-10-05 10:25:41 - Timeout while processing request
INFO 2025-10-05 10:30:00 - Server shutting down
INFO 2025-10-05 10:01:00 - Server started
WARN 2025-10-05 10:05:32 - High memory usage detected
ERROR 2025-10-05 10:10:47 - Database connection failed
INFO 2025-10-05 10:12:11 - Retrying connection
INFO 2025-10-05 10:15:22 - Request handled successfully
DEBUG 2025-10-05 10:18:56 - Cache refreshed
WARN 2025-10-05 10:22:19 - Disk space low
ERROR 2025-10-05 10:25:41 - Timeout while processing request
INFO 2025-10-05 10:30:00 - Server shutting down
INFO 2025-10-05 10:01:00 - Server started
WARN 2025-10-05 10:05:32 - High memory usage detected
ERROR 2025-10-05 10:10:47 - Database connection failed
INFO 2025-10-05 10:12:11 - Retrying connection
INFO 2025-10-05 10:15:22 - Request handled successfully
DEBUG 2025-10-05 10:18:56 - Cache refreshed
WARN 2025-10-05 10:22:19 - Disk space low
ERROR 2025-10-05 10:25:41 - Timeout while processing request
INFO 2025-10-05 10:30:00 - Server shutting down
INFO 2025-10-05 10:01:00 - Server started
WARN 2025-10-05 10:05:32 - High memory usage detected
ERROR 2025-10-05 10:10:47 - Database connection failed
INFO 2025-10-05 10:12:11 - Retrying connection
INFO 2025-10-05 10:15:22 - Request handled successfully
DEBUG 2025-10-05 10:18:56 - Cache refreshed
WARN 2025-10-05 10:22:19 - Disk space low
ERROR 2025-10-05 10:25:41 - Timeout while processing request
INFO 2025-10-05 10:30:00 - Server shutting down
INFO 2025-10-05 10:01:00 - Server started
WARN 2025-10-05 10:05:32 - High memory usage detected
ERROR 2025-10-05 10:10:47 - Database connection failed
INFO 2025-10-05 10:12:11 - Retrying connection
INFO 2025-10-05 10:15:22 - Request handled successfully
DEBUG 2025-10-05 10:18:56 - Cache refreshed
WARN 2025-10-05 10:22:19 - Disk space low
ERROR 2025-10-05 10:25:41 - Timeout while processing request
INFO 2025-10-05 10:30:00 - Server shutting down
INFO 2025-10-05 10:01:00 - Server started
WARN 2025-10-05 10:05:32 - High memory usage detected
ERROR 2025-10-05 10:10:47 - Database connection failed
INFO 2025-10-05 10:12:11 - Retrying connection
INFO 2025-10-05 10:15:22 - Request handled successfully
DEBUG 2025-10-05 10:18:56 - Cache refreshed
WARN 2025-10-05 10:22:19 - Disk space low
ERROR 2025-10-05 10:25:41 - Timeout while processing request
INFO 2025-10-05 10:30:00 - Server shutting down
INFO 2025-10-05 10:01:00 - Server started
WARN 2025-10-05 10:05:32 - High memory usage detected
ERROR 2025-10-05 10:10:47 - Database connection failed
INFO 2025-10-05 10:12:11 - Retrying connection
INFO 2025-10-05 10:15:22 - Request handled successfully
DEBUG 2025-10-05 10:18:56 - Cache refreshed
WARN 2025-10-05 10:22:19 - Disk space low
ERROR 2025-10-05 10:25:41 - Timeout while processing request
INFO 2025-10-05 10:30:00 - Server shutting down
INFO 2025-10-05 10:01:00 - Server started
WARN 2025-10-05 10:05:32 - High memory usage detected
ERROR 2025-10-05 10:10:47 - Database connection failed
INFO 2025-10-05 10:12:11 - Retrying connection
INFO 2025-10-05 10:15:22 - Request handled successfully
DEBUG 2025-10-05 10:18:56 - Cache refreshed
WARN 2025-10-05 10:22:19 - Disk space low
ERROR 2025-10-05 10:25:41 - Timeout while processing request
INFO 2025-10-05 10:30:00 - Server shutting down
INFO 2025-10-05 10:01:00 - Server started
WARN 2025-10-05 10:05:32 - High memory usage detected
ERROR 2025-10-05 10:10:47 - Database connection failed
INFO 2025-10-05 10:12:11 - Retrying connection
INFO 2025-10-05 10:15:22 - Request handled successfully
DEBUG 2025-10-05 10:18:56 - Cache refreshed
WARN 2025-10-05 10:22:19 - Disk space low
ERROR 2025-10-05 10:25:41 - Timeout while processing request
INFO 2025-10-05 10:30:00 - Server shutting down
INFO 2025-10-05 10:01:00 - Server started
WARN 2025-10-05 10:05:32 - High memory usage detected
ERROR 2025-10-05 10:10:47 - Database connection failed
INFO 2025-10-05 10:12:11 - Retrying connection
INFO 2025-10-05 10:15:22 - Request handled successfully
DEBUG 2025-10-05 10:18:56 - Cache refreshed
WARN 2025-10-05 10:22:19 - Disk space low
ERROR 2025-10-05 10:25:41 - Timeout while processing request
INFO 2025-10-05 10:30:00 - Server shutting down
INFO 2025-10-05 10:01:00 - Server started
WARN 2025-10-05 10:05:32 - High memory usage detected
ERROR 2025-10-05 10:10:47 - Database connection failed
INFO 2025-10-05 10:12:11 - Retrying connection
INFO 2025-10-05 10:15:22 - Request handled successfully
DEBUG 2025-10-05 10:18:56 - Cache refreshed
WARN 2025-10-05 10:22:19 - Disk space low
ERROR 2025-10-05 10:25:41 - Timeout while processing request
INFO 2025-10-05 10:30:00 - Server shutting down
INFO 2025-10-05 10:01:00 - Server started
WARN 2025-10-05 10:05:32 - High memory usage detected
ERROR 2025-10-05 10:10:47 - Database connection failed
INFO 2025-10-05 10:12:11 - Retrying connection
INFO 2025-10-05 10:15:22 - Request handled successfully
DEBUG 2025-10-05 10:18:56 - Cache refreshed
WARN 2025-10-05 10:22:19 - Disk space low
ERROR 2025-10-05 10:25:41 - Timeout while processing request
INFO 2025-10-05 10:30:00 - Server shutting down
INFO 2025-10-05 10:01:00 - Server started
WARN 2025-10-05 10:05:32 - High memory usage detected
ERROR 2025-10-05 10:10:47 - Database connection failed
INFO 2025-10-05 10:12:11 - Retrying connection
INFO 2025-10-05 10:15:22 - Request handled successfully
DEBUG 2025-10-05 10:18:56 - Cache refreshed
WARN 2025-10-05 10:22:19 - Disk space low
ERROR 2025-10-05 10:25:41 - Timeout while processing request
INFO 2025-10-05 10:30:00 - Server shutting down

